#
# There is insufficient memory for the Java Runtime Environment to continue.
# Native memory allocation (malloc) failed to allocate 78832 bytes for Chunk::new
# Possible reasons:
#   The system is out of physical RAM or swap space
#   In 32 bit mode, the process size limit was hit
# Possible solutions:
#   Reduce memory load on the system
#   Increase physical memory or swap space
#   Check if swap backing store is full
#   Use 64 bit Java on a 64 bit OS
#   Decrease Java heap size (-Xmx/-Xms)
#   Decrease number of Java threads
#   Decrease Java thread stack sizes (-Xss)
#   Set larger code cache with -XX:ReservedCodeCacheSize=
# This output file may be truncated or incomplete.
#
#  Out of Memory Error (allocation.cpp:390), pid=7348, tid=0x0000000000001cec
#
# JRE version: OpenJDK Runtime Environment (8.0_152-b01) (build 1.8.0_152-release-915-b01)
# Java VM: OpenJDK 64-Bit Server VM (25.152-b01 mixed mode windows-amd64 compressed oops)
# Failed to write core dump. Minidumps are not enabled by default on client versions of Windows
#

---------------  T H R E A D  ---------------

Current thread (0x000000005514c800):  JavaThread "C2 CompilerThread1" daemon [_thread_in_native, id=7404, stack(0x0000000056e40000,0x0000000056f40000)]

Stack: [0x0000000056e40000,0x0000000056f40000]
[error occurred during error reporting (printing stack bounds), id 0xc0000005]

Native frames: (J=compiled Java code, j=interpreted, Vv=VM code, C=native code)


Current CompileTask:
C2:   9036 2024       4       com.android.dx.ssa.SsaMethod::mapRegisters (87 bytes)


---------------  P R O C E S S  ---------------

Java Threads: ( => current thread )
  0x0000000056b66800 JavaThread "pool-2-thread-4" [_thread_blocked, id=7936, stack(0x00000000580f0000,0x00000000581f0000)]
  0x0000000056b64000 JavaThread "pool-2-thread-3" [_thread_blocked, id=5688, stack(0x0000000056f70000,0x0000000057070000)]
  0x0000000056c2d000 JavaThread "pool-2-thread-2" [_thread_blocked, id=4164, stack(0x0000000057fe0000,0x00000000580e0000)]
  0x0000000056c2c000 JavaThread "pool-3-thread-1" [_thread_blocked, id=8088, stack(0x0000000057db0000,0x0000000057eb0000)]
  0x0000000056c2b800 JavaThread "pool-2-thread-1" [_thread_blocked, id=7952, stack(0x0000000057be0000,0x0000000057ce0000)]
  0x00000000569d0000 JavaThread "Service Thread" daemon [_thread_blocked, id=4340, stack(0x0000000056160000,0x0000000056260000)]
  0x0000000056974800 JavaThread "C1 CompilerThread2" daemon [_thread_in_native, id=3068, stack(0x0000000057090000,0x0000000057190000)]
=>0x000000005514c800 JavaThread "C2 CompilerThread1" daemon [_thread_in_native, id=7404, stack(0x0000000056e40000,0x0000000056f40000)]
  0x0000000055147000 JavaThread "C2 CompilerThread0" daemon [_thread_in_native, id=2812, stack(0x0000000056870000,0x0000000056970000)]
  0x0000000055145800 JavaThread "Attach Listener" daemon [_thread_blocked, id=6820, stack(0x00000000566a0000,0x00000000567a0000)]
  0x0000000055141800 JavaThread "Signal Dispatcher" daemon [_thread_blocked, id=7376, stack(0x0000000056410000,0x0000000056510000)]
  0x0000000055129800 JavaThread "Finalizer" daemon [_thread_blocked, id=6624, stack(0x0000000056510000,0x0000000056610000)]
  0x00000000550e2800 JavaThread "Reference Handler" daemon [_thread_blocked, id=7556, stack(0x00000000562c0000,0x00000000563c0000)]
  0x000000000231f000 JavaThread "main" [_thread_blocked, id=4272, stack(0x0000000002600000,0x0000000002700000)]

Other Threads:
  0x00000000550da800 VMThread [stack: 0x0000000056060000,0x0000000056160000] [id=8548]
  0x00000000569d2800 WatcherThread [stack: 0x0000000057230000,0x0000000057330000] [id=8036]

VM state:at safepoint (normal execution)

VM Mutex/Monitor currently owned by a thread:  ([mutex/lock_event])
[0x000000000231d030] Threads_lock - owner thread: 0x00000000550da800
[0x000000000231d530] Heap_lock - owner thread: 0x0000000056b64000

Heap:
 PSYoungGen      total 282624K, used 282598K [0x00000000eab00000, 0x00000000fe900000, 0x0000000100000000)
  eden space 259584K, 100% used [0x00000000eab00000,0x00000000fa880000,0x00000000fa880000)
  from space 23040K, 99% used [0x00000000fc580000,0x00000000fdbf9840,0x00000000fdc00000)
  to   space 29696K, 99% used [0x00000000fa880000,0x00000000fc57d9d8,0x00000000fc580000)
 ParOldGen       total 87552K, used 37195K [0x00000000c0000000, 0x00000000c5580000, 0x00000000eab00000)
  object space 87552K, 42% used [0x00000000c0000000,0x00000000c2454cb0,0x00000000c5580000)
 Metaspace       used 6636K, capacity 7256K, committed 7424K, reserved 1056768K
  class space    used 612K, capacity 656K, committed 768K, reserved 1048576K

Card table byte_map: [0x0000000011d90000,0x0000000011fa0000] byte_map_base: 0x0000000011790000

Marking Bits: (ParMarkBitMap*) 0x0000000067cd3950
 Begin Bits: [0x0000000012550000, 0x0000000013550000)
 End Bits:   [0x0000000013550000, 0x0000000014550000)

Polling page: 0x0000000000130000

CodeCache: size=245760Kb used=8649Kb max_used=8656Kb free=237110Kb
 bounds [0x00000000029d0000, 0x0000000003250000, 0x00000000119d0000]
 total_blobs=2366 nmethods=2097 adapters=182
 compilation: enabled

Compilation events (10 events):
Event: 8.592 Thread 0x000000005514c800 nmethod 2117 0x0000000003241590 code [0x0000000003241a20, 0x0000000003245780]
Event: 8.592 Thread 0x000000005514c800 2105 %     4       java.util.BitSet::cardinality @ 4 (32 bytes)
Event: 8.597 Thread 0x000000005514c800 nmethod 2105% 0x000000000323e450 code [0x000000000323e5a0, 0x000000000323e718]
Event: 8.597 Thread 0x000000005514c800 2130       4       com.android.dx.util.IntList::binarysearch (124 bytes)
Event: 8.602 Thread 0x000000005514c800 nmethod 2130 0x000000000323fc10 code [0x000000000323fd60, 0x000000000323fef8]
Event: 8.602 Thread 0x000000005514c800 2144       4       com.android.dx.rop.cst.Constant::compareTo (33 bytes)
Event: 8.606 Thread 0x000000005514c800 nmethod 2144 0x000000000323f550 code [0x000000000323f6c0, 0x000000000323f9b8]
Event: 8.606 Thread 0x000000005514c800 2024       4       com.android.dx.ssa.SsaMethod::mapRegisters (87 bytes)
Event: 8.708 Thread 0x0000000056974800 2177       2       com.android.dx.ssa.SsaConverter::edgeSplitMoveExceptionsAndResults (157 bytes)
Event: 8.711 Thread 0x0000000056974800 nmethod 2177 0x000000000323ca10 code [0x000000000323cca0, 0x000000000323d588]

GC Heap History (10 events):
Event: 0.770 GC heap before
{Heap before GC invocations=2 (full 0):
 PSYoungGen      total 38400K, used 36131K [0x00000000eab00000, 0x00000000ef600000, 0x0000000100000000)
  eden space 33280K, 100% used [0x00000000eab00000,0x00000000ecb80000,0x00000000ecb80000)
  from space 5120K, 55% used [0x00000000ecb80000,0x00000000ece48c60,0x00000000ed080000)
  to   space 5120K, 0% used [0x00000000ef100000,0x00000000ef100000,0x00000000ef600000)
 ParOldGen       total 87552K, used 8K [0x00000000c0000000, 0x00000000c5580000, 0x00000000eab00000)
  object space 87552K, 0% used [0x00000000c0000000,0x00000000c0002000,0x00000000c5580000)
 Metaspace       used 3473K, capacity 4720K, committed 4864K, reserved 1056768K
  class space    used 366K, capacity 424K, committed 512K, reserved 1048576K
Event: 0.781 GC heap after
Heap after GC invocations=2 (full 0):
 PSYoungGen      total 71680K, used 2596K [0x00000000eab00000, 0x00000000ef600000, 0x0000000100000000)
  eden space 66560K, 0% used [0x00000000eab00000,0x00000000eab00000,0x00000000eec00000)
  from space 5120K, 50% used [0x00000000ef100000,0x00000000ef389298,0x00000000ef600000)
  to   space 5120K, 0% used [0x00000000eec00000,0x00000000eec00000,0x00000000ef100000)
 ParOldGen       total 87552K, used 8K [0x00000000c0000000, 0x00000000c5580000, 0x00000000eab00000)
  object space 87552K, 0% used [0x00000000c0000000,0x00000000c0002000,0x00000000c5580000)
 Metaspace       used 3473K, capacity 4720K, committed 4864K, reserved 1056768K
  class space    used 366K, capacity 424K, committed 512K, reserved 1048576K
}
Event: 0.858 GC heap before
{Heap before GC invocations=3 (full 0):
 PSYoungGen      total 71680K, used 69156K [0x00000000eab00000, 0x00000000ef600000, 0x0000000100000000)
  eden space 66560K, 100% used [0x00000000eab00000,0x00000000eec00000,0x00000000eec00000)
  from space 5120K, 50% used [0x00000000ef100000,0x00000000ef389298,0x00000000ef600000)
  to   space 5120K, 0% used [0x00000000eec00000,0x00000000eec00000,0x00000000ef100000)
 ParOldGen       total 87552K, used 8K [0x00000000c0000000, 0x00000000c5580000, 0x00000000eab00000)
  object space 87552K, 0% used [0x00000000c0000000,0x00000000c0002000,0x00000000c5580000)
 Metaspace       used 3479K, capacity 4720K, committed 4864K, reserved 1056768K
  class space    used 366K, capacity 424K, committed 512K, reserved 1048576K
Event: 0.861 GC heap after
Heap after GC invocations=3 (full 0):
 PSYoungGen      total 71680K, used 2644K [0x00000000eab00000, 0x00000000f3700000, 0x0000000100000000)
  eden space 66560K, 0% used [0x00000000eab00000,0x00000000eab00000,0x00000000eec00000)
  from space 5120K, 51% used [0x00000000eec00000,0x00000000eee952a8,0x00000000ef100000)
  to   space 5120K, 0% used [0x00000000f3200000,0x00000000f3200000,0x00000000f3700000)
 ParOldGen       total 87552K, used 16K [0x00000000c0000000, 0x00000000c5580000, 0x00000000eab00000)
  object space 87552K, 0% used [0x00000000c0000000,0x00000000c0004000,0x00000000c5580000)
 Metaspace       used 3479K, capacity 4720K, committed 4864K, reserved 1056768K
  class space    used 366K, capacity 424K, committed 512K, reserved 1048576K
}
Event: 3.539 GC heap before
{Heap before GC invocations=4 (full 0):
 PSYoungGen      total 71680K, used 69204K [0x00000000eab00000, 0x00000000f3700000, 0x0000000100000000)
  eden space 66560K, 100% used [0x00000000eab00000,0x00000000eec00000,0x00000000eec00000)
  from space 5120K, 51% used [0x00000000eec00000,0x00000000eee952a8,0x00000000ef100000)
  to   space 5120K, 0% used [0x00000000f3200000,0x00000000f3200000,0x00000000f3700000)
 ParOldGen       total 87552K, used 16K [0x00000000c0000000, 0x00000000c5580000, 0x00000000eab00000)
  object space 87552K, 0% used [0x00000000c0000000,0x00000000c0004000,0x00000000c5580000)
 Metaspace       used 6290K, capacity 7088K, committed 7296K, reserved 1056768K
  class space    used 592K, capacity 616K, committed 640K, reserved 1048576K
Event: 3.595 GC heap after
Heap after GC invocations=4 (full 0):
 PSYoungGen      total 138240K, used 5099K [0x00000000eab00000, 0x00000000f3700000, 0x0000000100000000)
  eden space 133120K, 0% used [0x00000000eab00000,0x00000000eab00000,0x00000000f2d00000)
  from space 5120K, 99% used [0x00000000f3200000,0x00000000f36fac00,0x00000000f3700000)
  to   space 5120K, 0% used [0x00000000f2d00000,0x00000000f2d00000,0x00000000f3200000)
 ParOldGen       total 87552K, used 8243K [0x00000000c0000000, 0x00000000c5580000, 0x00000000eab00000)
  object space 87552K, 9% used [0x00000000c0000000,0x00000000c080cf60,0x00000000c5580000)
 Metaspace       used 6290K, capacity 7088K, committed 7296K, reserved 1056768K
  class space    used 592K, capacity 616K, committed 640K, reserved 1048576K
}
Event: 5.198 GC heap before
{Heap before GC invocations=5 (full 0):
 PSYoungGen      total 138240K, used 138219K [0x00000000eab00000, 0x00000000f3700000, 0x0000000100000000)
  eden space 133120K, 100% used [0x00000000eab00000,0x00000000f2d00000,0x00000000f2d00000)
  from space 5120K, 99% used [0x00000000f3200000,0x00000000f36fac00,0x00000000f3700000)
  to   space 5120K, 0% used [0x00000000f2d00000,0x00000000f2d00000,0x00000000f3200000)
 ParOldGen       total 87552K, used 8243K [0x00000000c0000000, 0x00000000c5580000, 0x00000000eab00000)
  object space 87552K, 9% used [0x00000000c0000000,0x00000000c080cf60,0x00000000c5580000)
 Metaspace       used 6416K, capacity 7152K, committed 7296K, reserved 1056768K
  class space    used 593K, capacity 616K, committed 640K, reserved 1048576K
Event: 5.273 GC heap after
Heap after GC invocations=5 (full 0):
 PSYoungGen      total 138240K, used 5095K [0x00000000eab00000, 0x00000000fdc00000, 0x0000000100000000)
  eden space 133120K, 0% used [0x00000000eab00000,0x00000000eab00000,0x00000000f2d00000)
  from space 5120K, 99% used [0x00000000f2d00000,0x00000000f31f9de0,0x00000000f3200000)
  to   space 23040K, 0% used [0x00000000fc580000,0x00000000fc580000,0x00000000fdc00000)
 ParOldGen       total 87552K, used 27007K [0x00000000c0000000, 0x00000000c5580000, 0x00000000eab00000)
  object space 87552K, 30% used [0x00000000c0000000,0x00000000c1a5fc30,0x00000000c5580000)
 Metaspace       used 6416K, capacity 7152K, committed 7296K, reserved 1056768K
  class space    used 593K, capacity 616K, committed 640K, reserved 1048576K
}
Event: 7.345 GC heap before
{Heap before GC invocations=6 (full 0):
 PSYoungGen      total 138240K, used 138215K [0x00000000eab00000, 0x00000000fdc00000, 0x0000000100000000)
  eden space 133120K, 100% used [0x00000000eab00000,0x00000000f2d00000,0x00000000f2d00000)
  from space 5120K, 99% used [0x00000000f2d00000,0x00000000f31f9de0,0x00000000f3200000)
  to   space 23040K, 0% used [0x00000000fc580000,0x00000000fc580000,0x00000000fdc00000)
 ParOldGen       total 87552K, used 27007K [0x00000000c0000000, 0x00000000c5580000, 0x00000000eab00000)
  object space 87552K, 30% used [0x00000000c0000000,0x00000000c1a5fc30,0x00000000c5580000)
 Metaspace       used 6566K, capacity 7256K, committed 7424K, reserved 1056768K
  class space    used 612K, capacity 656K, committed 768K, reserved 1048576K
Event: 7.416 GC heap after
Heap after GC invocations=6 (full 0):
 PSYoungGen      total 282624K, used 23014K [0x00000000eab00000, 0x00000000fe900000, 0x0000000100000000)
  eden space 259584K, 0% used [0x00000000eab00000,0x00000000eab00000,0x00000000fa880000)
  from space 23040K, 99% used [0x00000000fc580000,0x00000000fdbf9840,0x00000000fdc00000)
  to   space 29696K, 0% used [0x00000000fa880000,0x00000000fa880000,0x00000000fc580000)
 ParOldGen       total 87552K, used 28852K [0x00000000c0000000, 0x00000000c5580000, 0x00000000eab00000)
  object space 87552K, 32% used [0x00000000c0000000,0x00000000c1c2d290,0x00000000c5580000)
 Metaspace       used 6566K, capacity 7256K, committed 7424K, reserved 1056768K
  class space    used 612K, capacity 656K, committed 768K, reserved 1048576K
}

Deoptimization events (10 events):
Event: 5.639 Thread 0x0000000056b64000 Uncommon trap: reason=unstable_if action=reinterpret pc=0x0000000002d93db0 method=java.util.HashMap.getNode(ILjava/lang/Object;)Ljava/util/HashMap$Node; @ 84
Event: 6.503 Thread 0x0000000056b64000 Uncommon trap: reason=class_check action=maybe_recompile pc=0x000000000314c2b0 method=com.android.dx.cf.code.OneLocalsArray.set(ILcom/android/dx/rop/type/TypeBearer;)V @ 85
Event: 6.937 Thread 0x0000000056c2d000 Uncommon trap: reason=unstable_if action=reinterpret pc=0x0000000002e8b60c method=com.android.dx.ssa.SsaMethod.updateOneDefinition(Lcom/android/dx/ssa/SsaInsn;Lcom/android/dx/rop/code/RegisterSpec;)V @ 4
Event: 6.939 Thread 0x0000000056c2d000 Uncommon trap: reason=class_check action=maybe_recompile pc=0x000000000314c2b0 method=com.android.dx.cf.code.OneLocalsArray.set(ILcom/android/dx/rop/type/TypeBearer;)V @ 85
Event: 6.940 Thread 0x0000000056c2d000 Uncommon trap: reason=class_check action=maybe_recompile pc=0x000000000314c2b0 method=com.android.dx.cf.code.OneLocalsArray.set(ILcom/android/dx/rop/type/TypeBearer;)V @ 85
Event: 6.945 Thread 0x0000000056c2d000 Uncommon trap: reason=class_check action=maybe_recompile pc=0x000000000314c2b0 method=com.android.dx.cf.code.OneLocalsArray.set(ILcom/android/dx/rop/type/TypeBearer;)V @ 85
Event: 7.203 Thread 0x0000000056c2d000 Uncommon trap: reason=bimorphic action=maybe_recompile pc=0x00000000030f2990 method=com.android.dx.cf.code.BytecodeArray.parseInstruction(ILcom/android/dx/cf/code/BytecodeArray$Visitor;)I @ 1357
Event: 7.204 Thread 0x0000000056c2d000 Uncommon trap: reason=bimorphic action=maybe_recompile pc=0x00000000030f2990 method=com.android.dx.cf.code.BytecodeArray.parseInstruction(ILcom/android/dx/cf/code/BytecodeArray$Visitor;)I @ 1357
Event: 7.866 Thread 0x0000000056b64000 Uncommon trap: reason=unstable_if action=reinterpret pc=0x00000000030e7da8 method=com.android.dx.ssa.InterferenceRegisterMapper.interferes(III)Z @ 69
Event: 7.914 Thread 0x0000000056b66800 Uncommon trap: reason=class_check action=maybe_recompile pc=0x00000000031a270c method=com.android.dx.cf.code.RopperMachine.run(Lcom/android/dx/cf/code/Frame;II)V @ 1024

Classes redefined (0 events):
No events

Internal exceptions (8 events):
Event: 0.068 Thread 0x000000000231f000 Exception <a 'java/lang/NoSuchMethodError': Method sun.misc.Unsafe.defineClass(Ljava/lang/String;[BII)Ljava/lang/Class; name or signature does not match> (0x00000000eab07ca8) thrown at [D:\src\AOSP-openjdk-cygwin\jdk8u\hotspot\src\share\vm\prims\jni.cpp, 
Event: 0.068 Thread 0x000000000231f000 Exception <a 'java/lang/NoSuchMethodError': Method sun.misc.Unsafe.prefetchRead(Ljava/lang/Object;J)V name or signature does not match> (0x00000000eab07f90) thrown at [D:\src\AOSP-openjdk-cygwin\jdk8u\hotspot\src\share\vm\prims\jni.cpp, line 4011]
Event: 2.612 Thread 0x0000000056c2d000 Implicit null exception at 0x0000000002d25f92 to 0x0000000002d26082
Event: 3.237 Thread 0x0000000056b66800 Implicit null exception at 0x0000000002d2a66d to 0x0000000002d2bdad
Event: 3.823 Thread 0x000000000231f000 Implicit null exception at 0x0000000002fe2840 to 0x0000000002fe29b1
Event: 5.632 Thread 0x0000000056b64000 Exception <a 'java/lang/ArrayIndexOutOfBoundsException': 18> (0x00000000ed4aa958) thrown at [D:\src\AOSP-openjdk-cygwin\jdk8u\hotspot\src\share\vm\interpreter\interpreterRuntime.cpp, line 366]
Event: 5.633 Thread 0x0000000056b64000 Exception <a 'java/lang/ArrayIndexOutOfBoundsException'> (0x00000000ed4ac4d8) thrown at [D:\src\AOSP-openjdk-cygwin\jdk8u\hotspot\src\share\vm\runtime\sharedRuntime.cpp, line 605]
Event: 5.634 Thread 0x0000000056b64000 Exception <a 'java/lang/ArrayIndexOutOfBoundsException'> (0x00000000ed4ad7c0) thrown at [D:\src\AOSP-openjdk-cygwin\jdk8u\hotspot\src\share\vm\runtime\sharedRuntime.cpp, line 605]

Events (10 events):
Event: 7.866 Thread 0x0000000056b64000 DEOPT UNPACKING pc=0x0000000002a1556a sp=0x000000005706e570 mode 2
Event: 7.914 Thread 0x0000000056b66800 Uncommon trap: trap_request=0xffffffde fr.pc=0x00000000031a270c
Event: 7.914 Thread 0x0000000056b66800 DEOPT PACKING pc=0x00000000031a270c sp=0x00000000581ee430
Event: 7.914 Thread 0x0000000056b66800 DEOPT UNPACKING pc=0x0000000002a1556a sp=0x00000000581ee3d8 mode 2
Event: 8.635 Thread 0x000000000231f000 DEOPT PACKING pc=0x0000000002dbecdc sp=0x00000000026fe450
Event: 8.635 Thread 0x000000000231f000 DEOPT UNPACKING pc=0x0000000002a175bf sp=0x00000000026fe168 mode 0
Event: 8.668 Thread 0x000000000231f000 DEOPT PACKING pc=0x0000000002dbecdc sp=0x00000000026fe500
Event: 8.668 Thread 0x000000000231f000 DEOPT UNPACKING pc=0x0000000002a175bf sp=0x00000000026fe218 mode 0
Event: 8.711 Thread 0x000000000231f000 DEOPT PACKING pc=0x0000000002ee901d sp=0x00000000026fe4c0
Event: 8.711 Thread 0x000000000231f000 DEOPT UNPACKING pc=0x0000000002a175bf sp=0x00000000026fe1f8 mode 0


Dynamic libraries:
0x000000013fa70000 - 0x000000013faa1000 	C:\Program Files\Android\Android Studio\jre\bin\java.exe
0x0000000077500000 - 0x00000000776a9000 	C:\Windows\SYSTEM32\ntdll.dll
0x00000000772e0000 - 0x00000000773ff000 	C:\Windows\system32\kernel32.dll
0x000007fefd6d0000 - 0x000007fefd73b000 	C:\Windows\system32\KERNELBASE.dll
0x000007fefe140000 - 0x000007fefe21b000 	C:\Windows\system32\ADVAPI32.dll
0x000007fefe4a0000 - 0x000007fefe53f000 	C:\Windows\system32\msvcrt.dll
0x000007fefe3b0000 - 0x000007fefe3cf000 	C:\Windows\SYSTEM32\sechost.dll
0x000007feff6e0000 - 0x000007feff80d000 	C:\Windows\system32\RPCRT4.dll
0x0000000077400000 - 0x00000000774fa000 	C:\Windows\system32\USER32.dll
0x000007fefe220000 - 0x000007fefe287000 	C:\Windows\system32\GDI32.dll
0x000007fefe290000 - 0x000007fefe29e000 	C:\Windows\system32\LPK.dll
0x000007fefe3d0000 - 0x000007fefe499000 	C:\Windows\system32\USP10.dll
0x000007fefbd00000 - 0x000007fefbef4000 	C:\Windows\WinSxS\amd64_microsoft.windows.common-controls_6595b64144ccf1df_6.0.7601.17514_none_fa396087175ac9ac\COMCTL32.dll
0x000007fefdee0000 - 0x000007fefdf51000 	C:\Windows\system32\SHLWAPI.dll
0x000007fefdca0000 - 0x000007fefdcce000 	C:\Windows\system32\IMM32.DLL
0x000007fefe2a0000 - 0x000007fefe3a9000 	C:\Windows\system32\MSCTF.dll
0x000007fefd420000 - 0x000007fefd450000 	C:\Windows\system32\nvinitx.dll
0x000007fefd410000 - 0x000007fefd41c000 	C:\Windows\system32\VERSION.dll
0x00000000750b0000 - 0x00000000750b6000 	C:\Program Files\NVIDIA Corporation\CoProcManager\detoured.dll
0x000007fefbab0000 - 0x000007fefbae8000 	C:\Program Files\NVIDIA Corporation\CoProcManager\nvd3d9wrapx.dll
0x000007fefe560000 - 0x000007fefe737000 	C:\Windows\system32\SETUPAPI.dll
0x000007fefd7e0000 - 0x000007fefd816000 	C:\Windows\system32\CFGMGR32.dll
0x000007fefda90000 - 0x000007fefdb67000 	C:\Windows\system32\OLEAUT32.dll
0x000007feff4d0000 - 0x000007feff6d3000 	C:\Windows\system32\ole32.dll
0x000007fefd670000 - 0x000007fefd68a000 	C:\Windows\system32\DEVOBJ.dll
0x000007fefb880000 - 0x000007fefb8a4000 	C:\Program Files\NVIDIA Corporation\CoProcManager\nvdxgiwrapx.dll
0x0000000064e30000 - 0x0000000064f02000 	C:\Program Files\Android\Android Studio\jre\jre\bin\msvcr100.dll
0x0000000067510000 - 0x0000000067d4e000 	C:\Program Files\Android\Android Studio\jre\jre\bin\server\jvm.dll
0x000007fef3200000 - 0x000007fef3209000 	C:\Windows\system32\WSOCK32.dll
0x000007fefdcd0000 - 0x000007fefdd1d000 	C:\Windows\system32\WS2_32.dll
0x000007fefda80000 - 0x000007fefda88000 	C:\Windows\system32\NSI.dll
0x000007fefb200000 - 0x000007fefb23b000 	C:\Windows\system32\WINMM.dll
0x00000000776c0000 - 0x00000000776c7000 	C:\Windows\system32\PSAPI.DLL
0x000007fefbaa0000 - 0x000007fefbaaf000 	C:\Program Files\Android\Android Studio\jre\jre\bin\verify.dll
0x000007fef3740000 - 0x000007fef3769000 	C:\Program Files\Android\Android Studio\jre\jre\bin\java.dll
0x000007feea3b0000 - 0x000007feea3c6000 	C:\Program Files\Android\Android Studio\jre\jre\bin\zip.dll
0x000007fefe740000 - 0x000007feff4c8000 	C:\Windows\system32\SHELL32.dll
0x000007fefd450000 - 0x000007fefd45f000 	C:\Windows\system32\profapi.dll

VM Arguments:
jvm_args: -Djava.awt.headless=true -Xmx1024M -Dfile.encoding=windows-1252 -Duser.country=US -Duser.language=en -Duser.variant 
java_command: com.android.dx.command.Main --dex --num-threads=4 --multi-dex --main-dex-list D:\AndroidStudioProject\Museum\app\build\intermediates\multi-dex\debug\maindexlist.txt --output D:\AndroidStudioProject\Museum\app\build\intermediates\transforms\dex\debug\folders\1000\1f\main D:\AndroidStudioProject\Museum\app\build\intermediates\transforms\jarMerging\debug\jars\1\1f\combined.jar
java_class_path (initial): C:\Users\user\AppData\Local\Android\sdk\build-tools\25.0.1\lib\dx.jar
Launcher Type: SUN_STANDARD

Environment Variables:
PATH=C:\app\oraqle\product\12.2.0\dbhome_1\bin;C:\app\Oracle\product\12.2.0\dbhome_1\bin;C:\ProgramData\Oracle\Java\javapath;C:\Program Files (x86)\Intel\iCLS Client\;C:\Program Files\Intel\iCLS Client\;C:\Windows\system32;C:\Windows;C:\Windows\System32\Wbem;C:\Windows\System32\WindowsPowerShell\v1.0\;C:\Program Files\Intel\Intel(R) Management Engine Components\DAL;C:\Program Files\Intel\Intel(R) Management Engine Components\IPT;C:\Program Files (x86)\Intel\Intel(R) Management Engine Components\DAL;C:\Program Files (x86)\Intel\Intel(R) Management Engine Components\IPT;C:\Program Files (x86)\GtkSharp\2.12\bin;C:\Program Files (x86)\NVIDIA Corporation\PhysX\Common;C:\Program Files\Git\cmd;C:\Program Files\Git\mingw64\bin;C:\Program Files\Git\usr\bin
USERNAME=user
OS=Windows_NT
PROCESSOR_IDENTIFIER=Intel64 Family 6 Model 58 Stepping 9, GenuineIntel



---------------  S Y S T E M  ---------------

OS: Windows 7 , 64 bit Build 7601 (6.1.7601.18015)

CPU:total 4 (initial active 4) (2 cores per cpu, 2 threads per core) family 6 model 58 stepping 9, cmov, cx8, fxsr, mmx, sse, sse2, sse3, ssse3, sse4.1, sse4.2, popcnt, avx, clmul, erms, ht, tsc, tscinvbit, tscinv

Memory: 4k page, physical 8271456k(765164k free), swap 10366744k(264k free)

vm_info: OpenJDK 64-Bit Server VM (25.152-b01) for windows-amd64 JRE (1.8.0_152-release-915-b01), built by "builder" with MS VC++ 10.0 (VS2010)

time: Thu Mar 08 10:23:17 2018
elapsed time: 9 seconds (0d 0h 0m 9s)

