#
# There is insufficient memory for the Java Runtime Environment to continue.
# Native memory allocation (malloc) failed to allocate 686128 bytes for Chunk::new
# Possible reasons:
#   The system is out of physical RAM or swap space
#   In 32 bit mode, the process size limit was hit
# Possible solutions:
#   Reduce memory load on the system
#   Increase physical memory or swap space
#   Check if swap backing store is full
#   Use 64 bit Java on a 64 bit OS
#   Decrease Java heap size (-Xmx/-Xms)
#   Decrease number of Java threads
#   Decrease Java thread stack sizes (-Xss)
#   Set larger code cache with -XX:ReservedCodeCacheSize=
# This output file may be truncated or incomplete.
#
#  Out of Memory Error (allocation.cpp:390), pid=7240, tid=0x00000000000010f4
#
# JRE version: OpenJDK Runtime Environment (8.0_152-b01) (build 1.8.0_152-release-915-b01)
# Java VM: OpenJDK 64-Bit Server VM (25.152-b01 mixed mode windows-amd64 compressed oops)
# Failed to write core dump. Minidumps are not enabled by default on client versions of Windows
#

---------------  T H R E A D  ---------------

Current thread (0x0000000055196800):  JavaThread "C2 CompilerThread1" daemon [_thread_in_native, id=4340, stack(0x0000000056b70000,0x0000000056c70000)]

Stack: [0x0000000056b70000,0x0000000056c70000]
[error occurred during error reporting (printing stack bounds), id 0xc0000005]

Native frames: (J=compiled Java code, j=interpreted, Vv=VM code, C=native code)


Current CompileTask:
C2:  50366 2621       4       com.android.dx.cf.code.Simulator$SimVisitor::visitNoArgs (2136 bytes)


---------------  P R O C E S S  ---------------

Java Threads: ( => current thread )
  0x0000000056f66800 JavaThread "pool-2-thread-4" [_thread_blocked, id=6836, stack(0x0000000057f40000,0x0000000058040000)]
  0x0000000056f64000 JavaThread "pool-2-thread-3" [_thread_blocked, id=7308, stack(0x0000000056a60000,0x0000000056b60000)]
  0x0000000056f63000 JavaThread "pool-2-thread-2" [_thread_blocked, id=7268, stack(0x0000000057df0000,0x0000000057ef0000)]
  0x0000000056f61800 JavaThread "pool-3-thread-1" [_thread_blocked, id=7780, stack(0x0000000057bd0000,0x0000000057cd0000)]
  0x0000000056f60800 JavaThread "pool-2-thread-1" [_thread_blocked, id=5592, stack(0x0000000056830000,0x0000000056930000)]
  0x0000000056ceb800 JavaThread "Service Thread" daemon [_thread_blocked, id=7744, stack(0x0000000056620000,0x0000000056720000)]
  0x0000000056c70800 JavaThread "C1 CompilerThread2" daemon [_thread_blocked, id=9072, stack(0x00000000570b0000,0x00000000571b0000)]
=>0x0000000055196800 JavaThread "C2 CompilerThread1" daemon [_thread_in_native, id=4340, stack(0x0000000056b70000,0x0000000056c70000)]
  0x000000005518f000 JavaThread "C2 CompilerThread0" daemon [_thread_in_native, id=5436, stack(0x0000000056940000,0x0000000056a40000)]
  0x000000005518d800 JavaThread "Attach Listener" daemon [_thread_blocked, id=9172, stack(0x00000000563b0000,0x00000000564b0000)]
  0x000000005519c000 JavaThread "Signal Dispatcher" daemon [_thread_blocked, id=3948, stack(0x0000000056720000,0x0000000056820000)]
  0x0000000055178000 JavaThread "Finalizer" daemon [_thread_blocked, id=7904, stack(0x00000000564b0000,0x00000000565b0000)]
  0x0000000055131000 JavaThread "Reference Handler" daemon [_thread_blocked, id=6708, stack(0x00000000562a0000,0x00000000563a0000)]
  0x000000000229f000 JavaThread "main" [_thread_blocked, id=6232, stack(0x0000000002550000,0x0000000002650000)]

Other Threads:
  0x0000000055129800 VMThread [stack: 0x0000000056110000,0x0000000056210000] [id=7388]
  0x0000000056ca8800 WatcherThread [stack: 0x00000000571b0000,0x00000000572b0000] [id=1768]

VM state:not at safepoint (normal execution)

VM Mutex/Monitor currently owned by a thread: None

Heap:
 PSYoungGen      total 138240K, used 131493K [0x00000000eab00000, 0x00000000f3700000, 0x0000000100000000)
  eden space 133120K, 98% used [0x00000000eab00000,0x00000000f2b697d0,0x00000000f2d00000)
  from space 5120K, 0% used [0x00000000f2d00000,0x00000000f2d00000,0x00000000f3200000)
  to   space 5120K, 0% used [0x00000000f3200000,0x00000000f3200000,0x00000000f3700000)
 ParOldGen       total 87552K, used 87176K [0x00000000c0000000, 0x00000000c5580000, 0x00000000eab00000)
  object space 87552K, 99% used [0x00000000c0000000,0x00000000c5522078,0x00000000c5580000)
 Metaspace       used 6715K, capacity 7320K, committed 7680K, reserved 1056768K
  class space    used 616K, capacity 656K, committed 768K, reserved 1048576K

Card table byte_map: [0x0000000011ce0000,0x0000000011ef0000] byte_map_base: 0x00000000116e0000

Marking Bits: (ParMarkBitMap*) 0x0000000067cd3950
 Begin Bits: [0x00000000125a0000, 0x00000000135a0000)
 End Bits:   [0x00000000135a0000, 0x00000000145a0000)

Polling page: 0x0000000000340000

CodeCache: size=245760Kb used=11066Kb max_used=12359Kb free=234693Kb
 bounds [0x0000000002920000, 0x0000000003560000, 0x0000000011920000]
 total_blobs=2400 nmethods=2128 adapters=185
 compilation: enabled

Compilation events (10 events):
Event: 50.207 Thread 0x000000005518f000 nmethod 2634 0x000000000306ad10 code [0x000000000306c540, 0x00000000030732b8]
Event: 50.207 Thread 0x000000005518f000 2616 %     4       com.android.dx.ssa.SsaMethod::makeExitBlock @ 69 (134 bytes)
Event: 50.215 Thread 0x000000005518f000 nmethod 2616% 0x0000000002c23190 code [0x0000000002c23300, 0x0000000002c23668]
Event: 50.215 Thread 0x000000005518f000 2643       4       com.android.dx.ssa.back.InterferenceGraph::ensureCapacity (42 bytes)
Event: 50.252 Thread 0x000000005518f000 nmethod 2643 0x0000000002a39d50 code [0x0000000002a39ee0, 0x0000000002a3abb8]
Event: 50.252 Thread 0x000000005518f000 2645       4       com.android.dx.util.ByteArray::<init> (81 bytes)
Event: 50.254 Thread 0x000000005518f000 nmethod 2645 0x0000000002e9afd0 code [0x0000000002e9b120, 0x0000000002e9b218]
Event: 50.254 Thread 0x000000005518f000 2641   !   4       com.android.dx.cf.direct.AttributeFactory::parse (248 bytes)
Event: 50.272 Thread 0x000000005518f000 nmethod 2641 0x0000000002afb8d0 code [0x0000000002afba60, 0x0000000002afc358]
Event: 50.272 Thread 0x000000005518f000 2642       4       com.android.dx.cf.direct.StdAttributeFactory::parse0 (532 bytes)

GC Heap History (10 events):
Event: 42.560 GC heap before
{Heap before GC invocations=24 (full 17):
 PSYoungGen      total 138240K, used 133120K [0x00000000eab00000, 0x00000000f3700000, 0x0000000100000000)
  eden space 133120K, 100% used [0x00000000eab00000,0x00000000f2d00000,0x00000000f2d00000)
  from space 5120K, 0% used [0x00000000f2d00000,0x00000000f2d00000,0x00000000f3200000)
  to   space 5120K, 0% used [0x00000000f3200000,0x00000000f3200000,0x00000000f3700000)
 ParOldGen       total 87552K, used 87177K [0x00000000c0000000, 0x00000000c5580000, 0x00000000eab00000)
  object space 87552K, 99% used [0x00000000c0000000,0x00000000c5522578,0x00000000c5580000)
 Metaspace       used 6710K, capacity 7320K, committed 7680K, reserved 1056768K
  class space    used 615K, capacity 656K, committed 768K, reserved 1048576K
Event: 43.502 GC heap after
Heap after GC invocations=24 (full 17):
 PSYoungGen      total 138240K, used 109526K [0x00000000eab00000, 0x00000000f3700000, 0x0000000100000000)
  eden space 133120K, 82% used [0x00000000eab00000,0x00000000f15f5908,0x00000000f2d00000)
  from space 5120K, 0% used [0x00000000f2d00000,0x00000000f2d00000,0x00000000f3200000)
  to   space 5120K, 0% used [0x00000000f3200000,0x00000000f3200000,0x00000000f3700000)
 ParOldGen       total 87552K, used 87177K [0x00000000c0000000, 0x00000000c5580000, 0x00000000eab00000)
  object space 87552K, 99% used [0x00000000c0000000,0x00000000c5522578,0x00000000c5580000)
 Metaspace       used 6710K, capacity 7320K, committed 7680K, reserved 1056768K
  class space    used 615K, capacity 656K, committed 768K, reserved 1048576K
}
Event: 44.187 GC heap before
{Heap before GC invocations=25 (full 18):
 PSYoungGen      total 138240K, used 133120K [0x00000000eab00000, 0x00000000f3700000, 0x0000000100000000)
  eden space 133120K, 100% used [0x00000000eab00000,0x00000000f2d00000,0x00000000f2d00000)
  from space 5120K, 0% used [0x00000000f2d00000,0x00000000f2d00000,0x00000000f3200000)
  to   space 5120K, 0% used [0x00000000f3200000,0x00000000f3200000,0x00000000f3700000)
 ParOldGen       total 87552K, used 87177K [0x00000000c0000000, 0x00000000c5580000, 0x00000000eab00000)
  object space 87552K, 99% used [0x00000000c0000000,0x00000000c5522578,0x00000000c5580000)
 Metaspace       used 6712K, capacity 7320K, committed 7680K, reserved 1056768K
  class space    used 615K, capacity 656K, committed 768K, reserved 1048576K
Event: 45.294 GC heap after
Heap after GC invocations=25 (full 18):
 PSYoungGen      total 138240K, used 113248K [0x00000000eab00000, 0x00000000f3700000, 0x0000000100000000)
  eden space 133120K, 85% used [0x00000000eab00000,0x00000000f19981c0,0x00000000f2d00000)
  from space 5120K, 0% used [0x00000000f2d00000,0x00000000f2d00000,0x00000000f3200000)
  to   space 5120K, 0% used [0x00000000f3200000,0x00000000f3200000,0x00000000f3700000)
 ParOldGen       total 87552K, used 87177K [0x00000000c0000000, 0x00000000c5580000, 0x00000000eab00000)
  object space 87552K, 99% used [0x00000000c0000000,0x00000000c5522518,0x00000000c5580000)
 Metaspace       used 6712K, capacity 7320K, committed 7680K, reserved 1056768K
  class space    used 615K, capacity 656K, committed 768K, reserved 1048576K
}
Event: 45.786 GC heap before
{Heap before GC invocations=26 (full 19):
 PSYoungGen      total 138240K, used 133120K [0x00000000eab00000, 0x00000000f3700000, 0x0000000100000000)
  eden space 133120K, 100% used [0x00000000eab00000,0x00000000f2d00000,0x00000000f2d00000)
  from space 5120K, 0% used [0x00000000f2d00000,0x00000000f2d00000,0x00000000f3200000)
  to   space 5120K, 0% used [0x00000000f3200000,0x00000000f3200000,0x00000000f3700000)
 ParOldGen       total 87552K, used 87177K [0x00000000c0000000, 0x00000000c5580000, 0x00000000eab00000)
  object space 87552K, 99% used [0x00000000c0000000,0x00000000c5522518,0x00000000c5580000)
 Metaspace       used 6714K, capacity 7320K, committed 7680K, reserved 1056768K
  class space    used 616K, capacity 656K, committed 768K, reserved 1048576K
Event: 47.131 GC heap after
Heap after GC invocations=26 (full 19):
 PSYoungGen      total 138240K, used 115865K [0x00000000eab00000, 0x00000000f3700000, 0x0000000100000000)
  eden space 133120K, 87% used [0x00000000eab00000,0x00000000f1c267c8,0x00000000f2d00000)
  from space 5120K, 0% used [0x00000000f2d00000,0x00000000f2d00000,0x00000000f3200000)
  to   space 5120K, 0% used [0x00000000f3200000,0x00000000f3200000,0x00000000f3700000)
 ParOldGen       total 87552K, used 87176K [0x00000000c0000000, 0x00000000c5580000, 0x00000000eab00000)
  object space 87552K, 99% used [0x00000000c0000000,0x00000000c5522358,0x00000000c5580000)
 Metaspace       used 6714K, capacity 7320K, committed 7680K, reserved 1056768K
  class space    used 616K, capacity 656K, committed 768K, reserved 1048576K
}
Event: 47.528 GC heap before
{Heap before GC invocations=27 (full 20):
 PSYoungGen      total 138240K, used 133120K [0x00000000eab00000, 0x00000000f3700000, 0x0000000100000000)
  eden space 133120K, 100% used [0x00000000eab00000,0x00000000f2d00000,0x00000000f2d00000)
  from space 5120K, 0% used [0x00000000f2d00000,0x00000000f2d00000,0x00000000f3200000)
  to   space 5120K, 0% used [0x00000000f3200000,0x00000000f3200000,0x00000000f3700000)
 ParOldGen       total 87552K, used 87176K [0x00000000c0000000, 0x00000000c5580000, 0x00000000eab00000)
  object space 87552K, 99% used [0x00000000c0000000,0x00000000c5522358,0x00000000c5580000)
 Metaspace       used 6715K, capacity 7320K, committed 7680K, reserved 1056768K
  class space    used 616K, capacity 656K, committed 768K, reserved 1048576K
Event: 48.777 GC heap after
Heap after GC invocations=27 (full 20):
 PSYoungGen      total 138240K, used 118508K [0x00000000eab00000, 0x00000000f3700000, 0x0000000100000000)
  eden space 133120K, 89% used [0x00000000eab00000,0x00000000f1ebb2b0,0x00000000f2d00000)
  from space 5120K, 0% used [0x00000000f2d00000,0x00000000f2d00000,0x00000000f3200000)
  to   space 5120K, 0% used [0x00000000f3200000,0x00000000f3200000,0x00000000f3700000)
 ParOldGen       total 87552K, used 87176K [0x00000000c0000000, 0x00000000c5580000, 0x00000000eab00000)
  object space 87552K, 99% used [0x00000000c0000000,0x00000000c55222d8,0x00000000c5580000)
 Metaspace       used 6715K, capacity 7320K, committed 7680K, reserved 1056768K
  class space    used 616K, capacity 656K, committed 768K, reserved 1048576K
}
Event: 48.975 GC heap before
{Heap before GC invocations=28 (full 21):
 PSYoungGen      total 138240K, used 133120K [0x00000000eab00000, 0x00000000f3700000, 0x0000000100000000)
  eden space 133120K, 100% used [0x00000000eab00000,0x00000000f2d00000,0x00000000f2d00000)
  from space 5120K, 0% used [0x00000000f2d00000,0x00000000f2d00000,0x00000000f3200000)
  to   space 5120K, 0% used [0x00000000f3200000,0x00000000f3200000,0x00000000f3700000)
 ParOldGen       total 87552K, used 87176K [0x00000000c0000000, 0x00000000c5580000, 0x00000000eab00000)
  object space 87552K, 99% used [0x00000000c0000000,0x00000000c55222d8,0x00000000c5580000)
 Metaspace       used 6715K, capacity 7320K, committed 7680K, reserved 1056768K
  class space    used 616K, capacity 656K, committed 768K, reserved 1048576K
Event: 50.192 GC heap after
Heap after GC invocations=28 (full 21):
 PSYoungGen      total 138240K, used 120524K [0x00000000eab00000, 0x00000000f3700000, 0x0000000100000000)
  eden space 133120K, 90% used [0x00000000eab00000,0x00000000f20b3320,0x00000000f2d00000)
  from space 5120K, 0% used [0x00000000f2d00000,0x00000000f2d00000,0x00000000f3200000)
  to   space 5120K, 0% used [0x00000000f3200000,0x00000000f3200000,0x00000000f3700000)
 ParOldGen       total 87552K, used 87176K [0x00000000c0000000, 0x00000000c5580000, 0x00000000eab00000)
  object space 87552K, 99% used [0x00000000c0000000,0x00000000c5522078,0x00000000c5580000)
 Metaspace       used 6715K, capacity 7320K, committed 7680K, reserved 1056768K
  class space    used 616K, capacity 656K, committed 768K, reserved 1048576K
}

Deoptimization events (10 events):
Event: 31.219 Thread 0x000000000229f000 Uncommon trap: reason=unstable_if action=reinterpret pc=0x0000000002a77904 method=java.util.zip.ZipCoder.decoder()Ljava/nio/charset/CharsetDecoder; @ 4
Event: 31.219 Thread 0x000000000229f000 Uncommon trap: reason=unstable_if action=reinterpret pc=0x0000000002a771c8 method=java.util.zip.ZipEntry.setExtra0([BZ)V @ 1
Event: 37.250 Thread 0x0000000056f64000 Uncommon trap: reason=unstable_if action=reinterpret pc=0x0000000002a458f4 method=java.util.BitSet.nextClearBit(I)I @ 91
Event: 42.122 Thread 0x0000000056f60800 Uncommon trap: reason=bimorphic action=maybe_recompile pc=0x00000000034c35d8 method=com.android.dx.cf.code.BytecodeArray.parseInstruction(ILcom/android/dx/cf/code/BytecodeArray$Visitor;)I @ 1417
Event: 42.122 Thread 0x0000000056f60800 Uncommon trap: reason=bimorphic action=maybe_recompile pc=0x00000000034c35d8 method=com.android.dx.cf.code.BytecodeArray.parseInstruction(ILcom/android/dx/cf/code/BytecodeArray$Visitor;)I @ 1417
Event: 45.698 Thread 0x0000000056f64000 Uncommon trap: reason=unstable_if action=reinterpret pc=0x0000000003289270 method=java.util.BitSet.set(II)V @ 48
Event: 45.698 Thread 0x0000000056f64000 Uncommon trap: reason=unstable_if action=reinterpret pc=0x0000000002c5bdf0 method=java.util.BitSet.set(II)V @ 48
Event: 45.704 Thread 0x0000000056f64000 Uncommon trap: reason=unstable_if action=reinterpret pc=0x0000000002c4474c method=java.util.BitSet.set(II)V @ 48
Event: 47.327 Thread 0x0000000056f64000 Uncommon trap: reason=bimorphic action=maybe_recompile pc=0x000000000301ae80 method=com.android.dx.cf.code.BytecodeArray.parseInstruction(ILcom/android/dx/cf/code/BytecodeArray$Visitor;)I @ 1051
Event: 47.327 Thread 0x0000000056f64000 Uncommon trap: reason=bimorphic action=maybe_recompile pc=0x000000000301ae80 method=com.android.dx.cf.code.BytecodeArray.parseInstruction(ILcom/android/dx/cf/code/BytecodeArray$Visitor;)I @ 1051

Classes redefined (0 events):
No events

Internal exceptions (10 events):
Event: 0.055 Thread 0x000000000229f000 Exception <a 'java/lang/NoSuchMethodError': Method sun.misc.Unsafe.prefetchRead(Ljava/lang/Object;J)V name or signature does not match> (0x00000000eab07f90) thrown at [D:\src\AOSP-openjdk-cygwin\jdk8u\hotspot\src\share\vm\prims\jni.cpp, line 4011]
Event: 2.349 Thread 0x0000000056f63000 Implicit null exception at 0x0000000002c862d2 to 0x0000000002c863c2
Event: 2.906 Thread 0x0000000056f63000 Implicit null exception at 0x0000000002c90be5 to 0x0000000002c926e5
Event: 4.261 Thread 0x0000000056f66800 Implicit null exception at 0x0000000002fa56fd to 0x0000000002fa71fd
Event: 4.262 Thread 0x0000000056f66800 Implicit null exception at 0x0000000002edcb80 to 0x0000000002edccf1
Event: 5.804 Thread 0x0000000056f66800 Exception <a 'java/lang/ArrayIndexOutOfBoundsException': 18> (0x00000000ec0e3e08) thrown at [D:\src\AOSP-openjdk-cygwin\jdk8u\hotspot\src\share\vm\interpreter\interpreterRuntime.cpp, line 366]
Event: 5.805 Thread 0x0000000056f66800 Exception <a 'java/lang/ArrayIndexOutOfBoundsException': 145> (0x00000000ec0e5988) thrown at [D:\src\AOSP-openjdk-cygwin\jdk8u\hotspot\src\share\vm\interpreter\interpreterRuntime.cpp, line 366]
Event: 5.807 Thread 0x0000000056f66800 Exception <a 'java/lang/ArrayIndexOutOfBoundsException'> (0x00000000ec0e6c70) thrown at [D:\src\AOSP-openjdk-cygwin\jdk8u\hotspot\src\share\vm\runtime\sharedRuntime.cpp, line 605]
Event: 22.522 Thread 0x0000000056f60800 Implicit null exception at 0x00000000033f24d0 to 0x00000000033f96d9
Event: 31.218 Thread 0x000000000229f000 Implicit null exception at 0x0000000002a77428 to 0x0000000002a778e9

Events (10 events):
Event: 47.327 Thread 0x0000000056f64000 Uncommon trap: trap_request=0xffffffc6 fr.pc=0x000000000301ae80
Event: 47.327 Thread 0x0000000056f64000 DEOPT PACKING pc=0x000000000301ae80 sp=0x0000000056b5e4f0
Event: 47.327 Thread 0x0000000056f64000 DEOPT UNPACKING pc=0x000000000296556a sp=0x0000000056b5e470 mode 2
Event: 47.327 Thread 0x0000000056f64000 Uncommon trap: trap_request=0xffffffc6 fr.pc=0x000000000301ae80
Event: 47.327 Thread 0x0000000056f64000 DEOPT PACKING pc=0x000000000301ae80 sp=0x0000000056b5e4f0
Event: 47.327 Thread 0x0000000056f64000 DEOPT UNPACKING pc=0x000000000296556a sp=0x0000000056b5e470 mode 2
Event: 47.527 Executing VM operation: ParallelGCFailedAllocation
Event: 48.777 Executing VM operation: ParallelGCFailedAllocation done
Event: 48.975 Executing VM operation: ParallelGCFailedAllocation
Event: 50.192 Executing VM operation: ParallelGCFailedAllocation done


Dynamic libraries:
0x000000013fa70000 - 0x000000013faa1000 	C:\Program Files\Android\Android Studio\jre\bin\java.exe
0x0000000077500000 - 0x00000000776a9000 	C:\Windows\SYSTEM32\ntdll.dll
0x00000000772e0000 - 0x00000000773ff000 	C:\Windows\system32\kernel32.dll
0x000007fefd6d0000 - 0x000007fefd73b000 	C:\Windows\system32\KERNELBASE.dll
0x000007fefe140000 - 0x000007fefe21b000 	C:\Windows\system32\ADVAPI32.dll
0x000007fefe4a0000 - 0x000007fefe53f000 	C:\Windows\system32\msvcrt.dll
0x000007fefe3b0000 - 0x000007fefe3cf000 	C:\Windows\SYSTEM32\sechost.dll
0x000007feff6e0000 - 0x000007feff80d000 	C:\Windows\system32\RPCRT4.dll
0x0000000077400000 - 0x00000000774fa000 	C:\Windows\system32\USER32.dll
0x000007fefe220000 - 0x000007fefe287000 	C:\Windows\system32\GDI32.dll
0x000007fefe290000 - 0x000007fefe29e000 	C:\Windows\system32\LPK.dll
0x000007fefe3d0000 - 0x000007fefe499000 	C:\Windows\system32\USP10.dll
0x000007fefbd00000 - 0x000007fefbef4000 	C:\Windows\WinSxS\amd64_microsoft.windows.common-controls_6595b64144ccf1df_6.0.7601.17514_none_fa396087175ac9ac\COMCTL32.dll
0x000007fefdee0000 - 0x000007fefdf51000 	C:\Windows\system32\SHLWAPI.dll
0x000007fefdca0000 - 0x000007fefdcce000 	C:\Windows\system32\IMM32.DLL
0x000007fefe2a0000 - 0x000007fefe3a9000 	C:\Windows\system32\MSCTF.dll
0x000007fefd420000 - 0x000007fefd450000 	C:\Windows\system32\nvinitx.dll
0x000007fefd410000 - 0x000007fefd41c000 	C:\Windows\system32\VERSION.dll
0x00000000750b0000 - 0x00000000750b6000 	C:\Program Files\NVIDIA Corporation\CoProcManager\detoured.dll
0x000007fefbab0000 - 0x000007fefbae8000 	C:\Program Files\NVIDIA Corporation\CoProcManager\nvd3d9wrapx.dll
0x000007fefe560000 - 0x000007fefe737000 	C:\Windows\system32\SETUPAPI.dll
0x000007fefd7e0000 - 0x000007fefd816000 	C:\Windows\system32\CFGMGR32.dll
0x000007fefda90000 - 0x000007fefdb67000 	C:\Windows\system32\OLEAUT32.dll
0x000007feff4d0000 - 0x000007feff6d3000 	C:\Windows\system32\ole32.dll
0x000007fefd670000 - 0x000007fefd68a000 	C:\Windows\system32\DEVOBJ.dll
0x000007fefb880000 - 0x000007fefb8a4000 	C:\Program Files\NVIDIA Corporation\CoProcManager\nvdxgiwrapx.dll
0x0000000064e30000 - 0x0000000064f02000 	C:\Program Files\Android\Android Studio\jre\jre\bin\msvcr100.dll
0x0000000067510000 - 0x0000000067d4e000 	C:\Program Files\Android\Android Studio\jre\jre\bin\server\jvm.dll
0x000007fef3200000 - 0x000007fef3209000 	C:\Windows\system32\WSOCK32.dll
0x000007fefdcd0000 - 0x000007fefdd1d000 	C:\Windows\system32\WS2_32.dll
0x000007fefda80000 - 0x000007fefda88000 	C:\Windows\system32\NSI.dll
0x000007fefb200000 - 0x000007fefb23b000 	C:\Windows\system32\WINMM.dll
0x00000000776c0000 - 0x00000000776c7000 	C:\Windows\system32\PSAPI.DLL
0x000007fefbaa0000 - 0x000007fefbaaf000 	C:\Program Files\Android\Android Studio\jre\jre\bin\verify.dll
0x000007fef3740000 - 0x000007fef3769000 	C:\Program Files\Android\Android Studio\jre\jre\bin\java.dll
0x000007feea3b0000 - 0x000007feea3c6000 	C:\Program Files\Android\Android Studio\jre\jre\bin\zip.dll
0x000007fefe740000 - 0x000007feff4c8000 	C:\Windows\system32\SHELL32.dll
0x000007fefd450000 - 0x000007fefd45f000 	C:\Windows\system32\profapi.dll

VM Arguments:
jvm_args: -Djava.awt.headless=true -Xmx1024M -Dfile.encoding=windows-1252 -Duser.country=US -Duser.language=en -Duser.variant 
java_command: com.android.dx.command.Main --dex --num-threads=4 --multi-dex --main-dex-list D:\AndroidStudioProject\Museum\app\build\intermediates\multi-dex\debug\maindexlist.txt --output D:\AndroidStudioProject\Museum\app\build\intermediates\transforms\dex\debug\folders\1000\1f\main D:\AndroidStudioProject\Museum\app\build\intermediates\transforms\jarMerging\debug\jars\1\1f\combined.jar
java_class_path (initial): C:\Users\user\AppData\Local\Android\sdk\build-tools\25.0.1\lib\dx.jar
Launcher Type: SUN_STANDARD

Environment Variables:
PATH=C:\app\oraqle\product\12.2.0\dbhome_1\bin;C:\app\Oracle\product\12.2.0\dbhome_1\bin;C:\ProgramData\Oracle\Java\javapath;C:\Program Files (x86)\Intel\iCLS Client\;C:\Program Files\Intel\iCLS Client\;C:\Windows\system32;C:\Windows;C:\Windows\System32\Wbem;C:\Windows\System32\WindowsPowerShell\v1.0\;C:\Program Files\Intel\Intel(R) Management Engine Components\DAL;C:\Program Files\Intel\Intel(R) Management Engine Components\IPT;C:\Program Files (x86)\Intel\Intel(R) Management Engine Components\DAL;C:\Program Files (x86)\Intel\Intel(R) Management Engine Components\IPT;C:\Program Files (x86)\GtkSharp\2.12\bin;C:\Program Files (x86)\NVIDIA Corporation\PhysX\Common;C:\Program Files\Git\cmd;C:\Program Files\Git\mingw64\bin;C:\Program Files\Git\usr\bin
USERNAME=user
OS=Windows_NT
PROCESSOR_IDENTIFIER=Intel64 Family 6 Model 58 Stepping 9, GenuineIntel



---------------  S Y S T E M  ---------------

OS: Windows 7 , 64 bit Build 7601 (6.1.7601.18015)

CPU:total 4 (initial active 4) (2 cores per cpu, 2 threads per core) family 6 model 58 stepping 9, cmov, cx8, fxsr, mmx, sse, sse2, sse3, ssse3, sse4.1, sse4.2, popcnt, avx, clmul, erms, ht, tsc, tscinvbit, tscinv

Memory: 4k page, physical 8271456k(800060k free), swap 10366744k(5168k free)

vm_info: OpenJDK 64-Bit Server VM (25.152-b01) for windows-amd64 JRE (1.8.0_152-release-915-b01), built by "builder" with MS VC++ 10.0 (VS2010)

time: Thu Mar 08 10:34:18 2018
elapsed time: 50 seconds (0d 0h 0m 50s)

